TN:
SF:gendiff/__init__.py
DA:1,1,JoW14MJl7d/v6JJ7krJ6+w
DA:7,1,ZRySTZ6Ns5Ia6jDptxmWpw
LF:2
LH:2
end_of_record
TN:
SF:gendiff/scripts/__init__.py
DA:1,1,VxL+SPZ9g3XiN074tlFgLg
DA:6,1,ZRySTZ6Ns5Ia6jDptxmWpw
LF:2
LH:2
end_of_record
TN:
SF:gendiff/scripts/gendiff.py
DA:1,1,OaTlemF3bXMi5MP7Db8vkQ
DA:4,1,Ls5fKPagk/2SKm17hZ8LYg
DA:5,1,KB+QEc+phrt38e789y/zDw
DA:8,1,Bl11PlKo///LxMvIIzwC+A
DA:9,1,nVry4rvBpIAOoMFxIQTecA
DA:12,1,1Oct8UyCc5uspzWETAMzlQ
DA:14,1,ESYFVAPW2E4ylHP7u1FBgg
DA:15,1,cuZyKTvNH47NhrlceFFl+A
DA:17,1,+J0TvcXK6rfVxXGDbZ1gvA
DA:18,1,A0uDugnxYKtWzB310+eUlw
DA:19,1,htEVL++BN/4Y0g0dsAHPRQ
DA:20,1,vwerwsoM4+f3Fat/R65LCA
DA:21,1,2GuWw8NbGaXAlL/ms/Vigg
DA:22,1,MqDqFeLpIWi5TFRNQ/LpcQ
DA:24,1,c6T8rwxvGlgACDTMZnDQag
DA:25,1,F2x8rgXtoZ1dtp3fwMueOg
DA:26,1,RajWi2twsivsiAyLPhr7Dw
DA:27,1,NdFfCyPWR1qimIBxCAkGCA
DA:28,1,2GN+6h/LFUQqo8EKPg/IHg
DA:29,1,lJHk4298aKUoh+c6+1kgXQ
DA:30,1,M5dFJFTcfISslvdg4ADbRQ
DA:31,1,kbxelH90yD7Nts6Q2FJB0w
DA:34,1,wWbFLH8uRxbRXg0n+CVdRg
LF:23
LH:23
end_of_record
TN:
SF:tests/__init__.py
DA:1,1,7yT9kttA9cpPiOvKx3seYw
DA:7,1,wtxjrmBNVp/dyLfWQ3ixWw
LF:2
LH:2
end_of_record
TN:
SF:tests/test_gendiff.py
DA:1,1,6EqVyswJtxIE+9LVqyxOlA
DA:2,1,RN2heZRa1C+/x38c1wMaGw
DA:8,1,027BEW8wXDJJIPMwq6jjxQ
DA:9,1,GH/J/XQWdyUd3VROqY3I7g
DA:10,1,dDpI1xnYM7U9EkV5ygfLLg
DA:22,1,WaB7Y8E7f3tc3470qJ+juA
DA:23,1,yLvDmIf9UW67CoD2vn4nbg
DA:29,1,qLgMBsthdWtAobLQQoWLDQ
DA:36,1,k8BPJjaNoaE6q0LezYtb7Q
DA:37,1,OTaYAIBCERWJtBsY1tHkQA
DA:38,1,CJBNc+Ux+0LoRlqGIW2Mtg
DA:48,1,vcDLCaapg6VWUPJsFT032g
DA:58,1,rNojzu7GUQj6AeRX5VL0Pw
DA:66,1,EYtIUAvP+yuKLoh/ZAGSQQ
DA:67,1,zdWa0ihe1qpOyh330/0bcQ
DA:76,1,wtxjrmBNVp/dyLfWQ3ixWw
LF:16
LH:16
end_of_record
